17:40:01.806 [main] INFO  TestCases.Main - =================================================================================================
17:40:01.808 [main] INFO  TestCases.Main - Execution Starts Here

17:40:01.817 [main] ERROR TestCases.Main - 
TestCase1 : Verify the file name:	Fail
The Actual Path is:  C:\Users\s3580b\eclipse-workspace\TestProject\random_numbers.txt

17:40:01.822 [main] INFO  TestCases.Main - 
TestCase2 : Verify the number of lines:	Pass
The number of lines is:  50

17:40:01.822 [main] INFO  TestCases.Main - 
TestCase3 : Verify the Random Number is between 100 and 500:	Pass
1	262

17:40:01.823 [main] INFO  TestCases.Main - 
TestCase3 : Verify the Random Number is between 100 and 500:	Pass
2	368

17:40:01.823 [main] INFO  TestCases.Main - 
TestCase3 : Verify the Random Number is between 100 and 500:	Pass
3	414

17:40:01.823 [main] INFO  TestCases.Main - 
TestCase3 : Verify the Random Number is between 100 and 500:	Pass
4	438

17:40:01.823 [main] INFO  TestCases.Main - 
TestCase3 : Verify the Random Number is between 100 and 500:	Pass
5	198

17:40:01.823 [main] INFO  TestCases.Main - 
TestCase3 : Verify the Random Number is between 100 and 500:	Pass
6	440

17:40:01.823 [main] INFO  TestCases.Main - 
TestCase3 : Verify the Random Number is between 100 and 500:	Pass
7	349

17:40:01.823 [main] INFO  TestCases.Main - 
TestCase3 : Verify the Random Number is between 100 and 500:	Pass
8	212

17:40:01.823 [main] INFO  TestCases.Main - 
TestCase3 : Verify the Random Number is between 100 and 500:	Pass
9	200

17:40:01.823 [main] INFO  TestCases.Main - 
TestCase3 : Verify the Random Number is between 100 and 500:	Pass
10	468

17:40:01.823 [main] INFO  TestCases.Main - 
TestCase3 : Verify the Random Number is between 100 and 500:	Pass
11	220

17:40:01.823 [main] INFO  TestCases.Main - 
TestCase3 : Verify the Random Number is between 100 and 500:	Pass
12	127

17:40:01.823 [main] INFO  TestCases.Main - 
TestCase3 : Verify the Random Number is between 100 and 500:	Pass
13	176

17:40:01.824 [main] INFO  TestCases.Main - 
TestCase3 : Verify the Random Number is between 100 and 500:	Pass
14	493

17:40:01.824 [main] INFO  TestCases.Main - 
TestCase3 : Verify the Random Number is between 100 and 500:	Pass
15	123

17:40:01.824 [main] INFO  TestCases.Main - 
TestCase3 : Verify the Random Number is between 100 and 500:	Pass
16	417

17:40:01.824 [main] INFO  TestCases.Main - 
TestCase3 : Verify the Random Number is between 100 and 500:	Pass
17	111

17:40:01.825 [main] ERROR TestCases.Main - 
18	500
17:40:01.825 [main] INFO  TestCases.Main - 
TestCase3 : Verify the Random Number is between 100 and 500:	Pass
19	192

17:40:01.825 [main] INFO  TestCases.Main - 
TestCase3 : Verify the Random Number is between 100 and 500:	Pass
20	417

17:40:01.825 [main] INFO  TestCases.Main - 
TestCase3 : Verify the Random Number is between 100 and 500:	Pass
21	346

17:40:01.826 [main] INFO  TestCases.Main - 
TestCase3 : Verify the Random Number is between 100 and 500:	Pass
22	208

17:40:01.826 [main] INFO  TestCases.Main - 
TestCase3 : Verify the Random Number is between 100 and 500:	Pass
23	124

17:40:01.826 [main] INFO  TestCases.Main - 
TestCase3 : Verify the Random Number is between 100 and 500:	Pass
24	216

17:40:01.826 [main] INFO  TestCases.Main - 
TestCase3 : Verify the Random Number is between 100 and 500:	Pass
25	226

17:40:01.826 [main] INFO  TestCases.Main - 
TestCase3 : Verify the Random Number is between 100 and 500:	Pass
26	488

17:40:01.826 [main] INFO  TestCases.Main - 
TestCase3 : Verify the Random Number is between 100 and 500:	Pass
27	236

17:40:01.826 [main] INFO  TestCases.Main - 
TestCase3 : Verify the Random Number is between 100 and 500:	Pass
28	418

17:40:01.826 [main] INFO  TestCases.Main - 
TestCase3 : Verify the Random Number is between 100 and 500:	Pass
29	209

17:40:01.826 [main] INFO  TestCases.Main - 
TestCase3 : Verify the Random Number is between 100 and 500:	Pass
30	339

17:40:01.826 [main] INFO  TestCases.Main - 
TestCase3 : Verify the Random Number is between 100 and 500:	Pass
31	312

17:40:01.826 [main] INFO  TestCases.Main - 
TestCase3 : Verify the Random Number is between 100 and 500:	Pass
32	474

17:40:01.827 [main] INFO  TestCases.Main - 
TestCase3 : Verify the Random Number is between 100 and 500:	Pass
33	224

17:40:01.827 [main] INFO  TestCases.Main - 
TestCase3 : Verify the Random Number is between 100 and 500:	Pass
34	205

17:40:01.827 [main] INFO  TestCases.Main - 
TestCase3 : Verify the Random Number is between 100 and 500:	Pass
35	205

17:40:01.827 [main] INFO  TestCases.Main - 
TestCase3 : Verify the Random Number is between 100 and 500:	Pass
36	146

17:40:01.827 [main] INFO  TestCases.Main - 
TestCase3 : Verify the Random Number is between 100 and 500:	Pass
37	392

17:40:01.827 [main] INFO  TestCases.Main - 
TestCase3 : Verify the Random Number is between 100 and 500:	Pass
38	351

17:40:01.827 [main] INFO  TestCases.Main - 
TestCase3 : Verify the Random Number is between 100 and 500:	Pass
39	278

17:40:01.827 [main] INFO  TestCases.Main - 
TestCase3 : Verify the Random Number is between 100 and 500:	Pass
40	230

17:40:01.827 [main] INFO  TestCases.Main - 
TestCase3 : Verify the Random Number is between 100 and 500:	Pass
41	155

17:40:01.827 [main] INFO  TestCases.Main - 
TestCase3 : Verify the Random Number is between 100 and 500:	Pass
42	288

17:40:01.827 [main] INFO  TestCases.Main - 
TestCase3 : Verify the Random Number is between 100 and 500:	Pass
43	488

17:40:01.827 [main] INFO  TestCases.Main - 
TestCase3 : Verify the Random Number is between 100 and 500:	Pass
44	456

17:40:01.827 [main] INFO  TestCases.Main - 
TestCase3 : Verify the Random Number is between 100 and 500:	Pass
45	169

17:40:01.827 [main] INFO  TestCases.Main - 
TestCase3 : Verify the Random Number is between 100 and 500:	Pass
46	443

17:40:01.827 [main] INFO  TestCases.Main - 
TestCase3 : Verify the Random Number is between 100 and 500:	Pass
47	497

17:40:01.828 [main] INFO  TestCases.Main - 
TestCase3 : Verify the Random Number is between 100 and 500:	Pass
48	445

17:40:01.828 [main] INFO  TestCases.Main - 
TestCase3 : Verify the Random Number is between 100 and 500:	Pass
49	296

17:40:01.828 [main] INFO  TestCases.Main - 
TestCase3 : Verify the Random Number is between 100 and 500:	Pass
50	496

